Copyright 1986-2020 Xilinx, Inc. All Rights Reserved.
------------------------------------------------------------------------------------------------------------------------------------------------------------------------------------------
| Tool Version : Vivado v.2020.1 (win64) Build 2902540 Wed May 27 19:54:49 MDT 2020
| Date         : Sat Sep 11 16:09:30 2021
| Host         : FREISMUTHDESK running 64-bit major release  (build 9200)
| Command      : report_bus_skew -warn_on_violation -file bd_soc_proj_wrapper_bus_skew_routed.rpt -pb bd_soc_proj_wrapper_bus_skew_routed.pb -rpx bd_soc_proj_wrapper_bus_skew_routed.rpx
| Design       : bd_soc_proj_wrapper
| Device       : 7a100t-csg324
| Speed File   : -1  PRODUCTION 1.23 2018-06-13
------------------------------------------------------------------------------------------------------------------------------------------------------------------------------------------

Bus Skew Report

Table of Contents
-----------------
1. Bus Skew Report Summary
2. Bus Skew Report Per Constraint

1. Bus Skew Report Summary
--------------------------

Id  Position  From                            To                              Corner  Requirement(ns)  Actual(ns)  Slack(ns)
--  --------  ------------------------------  ------------------------------  ------  ---------------  ----------  ---------
1   19        [get_cells [list {bd_soc_proj_i/axi_quad_spi_0/U0/NO_DUAL_QUAD_MODE.QSPI_NORMAL/XIP_MODE_GEN.AXI_QSPI_XIP_I/XIP_RECEIVE_FIFO_II/xpm_fifo_instance.xpm_fifo_async_inst/gnuram_async_fifo.xpm_fifo_base_inst/gen_cdc_pntr.rd_pntr_cdc_inst/src_gray_ff_reg[0]} {bd_soc_proj_i/axi_quad_spi_0/U0/NO_DUAL_QUAD_MODE.QSPI_NORMAL/XIP_MODE_GEN.AXI_QSPI_XIP_I/XIP_RECEIVE_FIFO_II/xpm_fifo_instance.xpm_fifo_async_inst/gnuram_async_fifo.xpm_fifo_base_inst/gen_cdc_pntr.rd_pntr_cdc_inst/src_gray_ff_reg[1]} {bd_soc_proj_i/axi_quad_spi_0/U0/NO_DUAL_QUAD_MODE.QSPI_NORMAL/XIP_MODE_GEN.AXI_QSPI_XIP_I/XIP_RECEIVE_FIFO_II/xpm_fifo_instance.xpm_fifo_async_inst/gnuram_async_fifo.xpm_fifo_base_inst/gen_cdc_pntr.rd_pntr_cdc_inst/src_gray_ff_reg[2]} {bd_soc_proj_i/axi_quad_spi_0/U0/NO_DUAL_QUAD_MODE.QSPI_NORMAL/XIP_MODE_GEN.AXI_QSPI_XIP_I/XIP_RECEIVE_FIFO_II/xpm_fifo_instance.xpm_fifo_async_inst/gnuram_async_fifo.xpm_fifo_base_inst/gen_cdc_pntr.rd_pntr_cdc_inst/src_gray_ff_reg[3]} {bd_soc_proj_i/axi_quad_spi_0/U0/NO_DUAL_QUAD_MODE.QSPI_NORMAL/XIP_MODE_GEN.AXI_QSPI_XIP_I/XIP_RECEIVE_FIFO_II/xpm_fifo_instance.xpm_fifo_async_inst/gnuram_async_fifo.xpm_fifo_base_inst/gen_cdc_pntr.rd_pntr_cdc_inst/src_gray_ff_reg[4]} {bd_soc_proj_i/axi_quad_spi_0/U0/NO_DUAL_QUAD_MODE.QSPI_NORMAL/XIP_MODE_GEN.AXI_QSPI_XIP_I/XIP_RECEIVE_FIFO_II/xpm_fifo_instance.xpm_fifo_async_inst/gnuram_async_fifo.xpm_fifo_base_inst/gen_cdc_pntr.rd_pntr_cdc_inst/src_gray_ff_reg[5]}]]
                                              [get_cells [list {bd_soc_proj_i/axi_quad_spi_0/U0/NO_DUAL_QUAD_MODE.QSPI_NORMAL/XIP_MODE_GEN.AXI_QSPI_XIP_I/XIP_RECEIVE_FIFO_II/xpm_fifo_instance.xpm_fifo_async_inst/gnuram_async_fifo.xpm_fifo_base_inst/gen_cdc_pntr.rd_pntr_cdc_inst/dest_graysync_ff_reg[0][0]} {bd_soc_proj_i/axi_quad_spi_0/U0/NO_DUAL_QUAD_MODE.QSPI_NORMAL/XIP_MODE_GEN.AXI_QSPI_XIP_I/XIP_RECEIVE_FIFO_II/xpm_fifo_instance.xpm_fifo_async_inst/gnuram_async_fifo.xpm_fifo_base_inst/gen_cdc_pntr.rd_pntr_cdc_inst/dest_graysync_ff_reg[0][1]} {bd_soc_proj_i/axi_quad_spi_0/U0/NO_DUAL_QUAD_MODE.QSPI_NORMAL/XIP_MODE_GEN.AXI_QSPI_XIP_I/XIP_RECEIVE_FIFO_II/xpm_fifo_instance.xpm_fifo_async_inst/gnuram_async_fifo.xpm_fifo_base_inst/gen_cdc_pntr.rd_pntr_cdc_inst/dest_graysync_ff_reg[0][2]} {bd_soc_proj_i/axi_quad_spi_0/U0/NO_DUAL_QUAD_MODE.QSPI_NORMAL/XIP_MODE_GEN.AXI_QSPI_XIP_I/XIP_RECEIVE_FIFO_II/xpm_fifo_instance.xpm_fifo_async_inst/gnuram_async_fifo.xpm_fifo_base_inst/gen_cdc_pntr.rd_pntr_cdc_inst/dest_graysync_ff_reg[0][3]} {bd_soc_proj_i/axi_quad_spi_0/U0/NO_DUAL_QUAD_MODE.QSPI_NORMAL/XIP_MODE_GEN.AXI_QSPI_XIP_I/XIP_RECEIVE_FIFO_II/xpm_fifo_instance.xpm_fifo_async_inst/gnuram_async_fifo.xpm_fifo_base_inst/gen_cdc_pntr.rd_pntr_cdc_inst/dest_graysync_ff_reg[0][4]} {bd_soc_proj_i/axi_quad_spi_0/U0/NO_DUAL_QUAD_MODE.QSPI_NORMAL/XIP_MODE_GEN.AXI_QSPI_XIP_I/XIP_RECEIVE_FIFO_II/xpm_fifo_instance.xpm_fifo_async_inst/gnuram_async_fifo.xpm_fifo_base_inst/gen_cdc_pntr.rd_pntr_cdc_inst/dest_graysync_ff_reg[0][5]}]]
                                                                              Slow             10.000       1.185      8.815
2   21        [get_cells [list {bd_soc_proj_i/axi_quad_spi_0/U0/NO_DUAL_QUAD_MODE.QSPI_NORMAL/XIP_MODE_GEN.AXI_QSPI_XIP_I/XIP_RECEIVE_FIFO_II/xpm_fifo_instance.xpm_fifo_async_inst/gnuram_async_fifo.xpm_fifo_base_inst/gen_cdc_pntr.wr_pntr_cdc_inst/src_gray_ff_reg[0]} {bd_soc_proj_i/axi_quad_spi_0/U0/NO_DUAL_QUAD_MODE.QSPI_NORMAL/XIP_MODE_GEN.AXI_QSPI_XIP_I/XIP_RECEIVE_FIFO_II/xpm_fifo_instance.xpm_fifo_async_inst/gnuram_async_fifo.xpm_fifo_base_inst/gen_cdc_pntr.wr_pntr_cdc_inst/src_gray_ff_reg[1]} {bd_soc_proj_i/axi_quad_spi_0/U0/NO_DUAL_QUAD_MODE.QSPI_NORMAL/XIP_MODE_GEN.AXI_QSPI_XIP_I/XIP_RECEIVE_FIFO_II/xpm_fifo_instance.xpm_fifo_async_inst/gnuram_async_fifo.xpm_fifo_base_inst/gen_cdc_pntr.wr_pntr_cdc_inst/src_gray_ff_reg[2]} {bd_soc_proj_i/axi_quad_spi_0/U0/NO_DUAL_QUAD_MODE.QSPI_NORMAL/XIP_MODE_GEN.AXI_QSPI_XIP_I/XIP_RECEIVE_FIFO_II/xpm_fifo_instance.xpm_fifo_async_inst/gnuram_async_fifo.xpm_fifo_base_inst/gen_cdc_pntr.wr_pntr_cdc_inst/src_gray_ff_reg[3]} {bd_soc_proj_i/axi_quad_spi_0/U0/NO_DUAL_QUAD_MODE.QSPI_NORMAL/XIP_MODE_GEN.AXI_QSPI_XIP_I/XIP_RECEIVE_FIFO_II/xpm_fifo_instance.xpm_fifo_async_inst/gnuram_async_fifo.xpm_fifo_base_inst/gen_cdc_pntr.wr_pntr_cdc_inst/src_gray_ff_reg[4]} {bd_soc_proj_i/axi_quad_spi_0/U0/NO_DUAL_QUAD_MODE.QSPI_NORMAL/XIP_MODE_GEN.AXI_QSPI_XIP_I/XIP_RECEIVE_FIFO_II/xpm_fifo_instance.xpm_fifo_async_inst/gnuram_async_fifo.xpm_fifo_base_inst/gen_cdc_pntr.wr_pntr_cdc_inst/src_gray_ff_reg[5]}]]
                                              [get_cells [list {bd_soc_proj_i/axi_quad_spi_0/U0/NO_DUAL_QUAD_MODE.QSPI_NORMAL/XIP_MODE_GEN.AXI_QSPI_XIP_I/XIP_RECEIVE_FIFO_II/xpm_fifo_instance.xpm_fifo_async_inst/gnuram_async_fifo.xpm_fifo_base_inst/gen_cdc_pntr.wr_pntr_cdc_inst/dest_graysync_ff_reg[0][0]} {bd_soc_proj_i/axi_quad_spi_0/U0/NO_DUAL_QUAD_MODE.QSPI_NORMAL/XIP_MODE_GEN.AXI_QSPI_XIP_I/XIP_RECEIVE_FIFO_II/xpm_fifo_instance.xpm_fifo_async_inst/gnuram_async_fifo.xpm_fifo_base_inst/gen_cdc_pntr.wr_pntr_cdc_inst/dest_graysync_ff_reg[0][1]} {bd_soc_proj_i/axi_quad_spi_0/U0/NO_DUAL_QUAD_MODE.QSPI_NORMAL/XIP_MODE_GEN.AXI_QSPI_XIP_I/XIP_RECEIVE_FIFO_II/xpm_fifo_instance.xpm_fifo_async_inst/gnuram_async_fifo.xpm_fifo_base_inst/gen_cdc_pntr.wr_pntr_cdc_inst/dest_graysync_ff_reg[0][2]} {bd_soc_proj_i/axi_quad_spi_0/U0/NO_DUAL_QUAD_MODE.QSPI_NORMAL/XIP_MODE_GEN.AXI_QSPI_XIP_I/XIP_RECEIVE_FIFO_II/xpm_fifo_instance.xpm_fifo_async_inst/gnuram_async_fifo.xpm_fifo_base_inst/gen_cdc_pntr.wr_pntr_cdc_inst/dest_graysync_ff_reg[0][3]} {bd_soc_proj_i/axi_quad_spi_0/U0/NO_DUAL_QUAD_MODE.QSPI_NORMAL/XIP_MODE_GEN.AXI_QSPI_XIP_I/XIP_RECEIVE_FIFO_II/xpm_fifo_instance.xpm_fifo_async_inst/gnuram_async_fifo.xpm_fifo_base_inst/gen_cdc_pntr.wr_pntr_cdc_inst/dest_graysync_ff_reg[0][4]} {bd_soc_proj_i/axi_quad_spi_0/U0/NO_DUAL_QUAD_MODE.QSPI_NORMAL/XIP_MODE_GEN.AXI_QSPI_XIP_I/XIP_RECEIVE_FIFO_II/xpm_fifo_instance.xpm_fifo_async_inst/gnuram_async_fifo.xpm_fifo_base_inst/gen_cdc_pntr.wr_pntr_cdc_inst/dest_graysync_ff_reg[0][5]}]]
                                                                              Slow             10.000       1.072      8.928


2. Bus Skew Report Per Constraint
---------------------------------

Id: 1
set_bus_skew -from [get_cells [list {bd_soc_proj_i/axi_quad_spi_0/U0/NO_DUAL_QUAD_MODE.QSPI_NORMAL/XIP_MODE_GEN.AXI_QSPI_XIP_I/XIP_RECEIVE_FIFO_II/xpm_fifo_instance.xpm_fifo_async_inst/gnuram_async_fifo.xpm_fifo_base_inst/gen_cdc_pntr.rd_pntr_cdc_inst/src_gray_ff_reg[0]} {bd_soc_proj_i/axi_quad_spi_0/U0/NO_DUAL_QUAD_MODE.QSPI_NORMAL/XIP_MODE_GEN.AXI_QSPI_XIP_I/XIP_RECEIVE_FIFO_II/xpm_fifo_instance.xpm_fifo_async_inst/gnuram_async_fifo.xpm_fifo_base_inst/gen_cdc_pntr.rd_pntr_cdc_inst/src_gray_ff_reg[1]} {bd_soc_proj_i/axi_quad_spi_0/U0/NO_DUAL_QUAD_MODE.QSPI_NORMAL/XIP_MODE_GEN.AXI_QSPI_XIP_I/XIP_RECEIVE_FIFO_II/xpm_fifo_instance.xpm_fifo_async_inst/gnuram_async_fifo.xpm_fifo_base_inst/gen_cdc_pntr.rd_pntr_cdc_inst/src_gray_ff_reg[2]} {bd_soc_proj_i/axi_quad_spi_0/U0/NO_DUAL_QUAD_MODE.QSPI_NORMAL/XIP_MODE_GEN.AXI_QSPI_XIP_I/XIP_RECEIVE_FIFO_II/xpm_fifo_instance.xpm_fifo_async_inst/gnuram_async_fifo.xpm_fifo_base_inst/gen_cdc_pntr.rd_pntr_cdc_inst/src_gray_ff_reg[3]} {bd_soc_proj_i/axi_quad_spi_0/U0/NO_DUAL_QUAD_MODE.QSPI_NORMAL/XIP_MODE_GEN.AXI_QSPI_XIP_I/XIP_RECEIVE_FIFO_II/xpm_fifo_instance.xpm_fifo_async_inst/gnuram_async_fifo.xpm_fifo_base_inst/gen_cdc_pntr.rd_pntr_cdc_inst/src_gray_ff_reg[4]} {bd_soc_proj_i/axi_quad_spi_0/U0/NO_DUAL_QUAD_MODE.QSPI_NORMAL/XIP_MODE_GEN.AXI_QSPI_XIP_I/XIP_RECEIVE_FIFO_II/xpm_fifo_instance.xpm_fifo_async_inst/gnuram_async_fifo.xpm_fifo_base_inst/gen_cdc_pntr.rd_pntr_cdc_inst/src_gray_ff_reg[5]}]] -to [get_cells [list {bd_soc_proj_i/axi_quad_spi_0/U0/NO_DUAL_QUAD_MODE.QSPI_NORMAL/XIP_MODE_GEN.AXI_QSPI_XIP_I/XIP_RECEIVE_FIFO_II/xpm_fifo_instance.xpm_fifo_async_inst/gnuram_async_fifo.xpm_fifo_base_inst/gen_cdc_pntr.rd_pntr_cdc_inst/dest_graysync_ff_reg[0][0]} {bd_soc_proj_i/axi_quad_spi_0/U0/NO_DUAL_QUAD_MODE.QSPI_NORMAL/XIP_MODE_GEN.AXI_QSPI_XIP_I/XIP_RECEIVE_FIFO_II/xpm_fifo_instance.xpm_fifo_async_inst/gnuram_async_fifo.xpm_fifo_base_inst/gen_cdc_pntr.rd_pntr_cdc_inst/dest_graysync_ff_reg[0][1]} {bd_soc_proj_i/axi_quad_spi_0/U0/NO_DUAL_QUAD_MODE.QSPI_NORMAL/XIP_MODE_GEN.AXI_QSPI_XIP_I/XIP_RECEIVE_FIFO_II/xpm_fifo_instance.xpm_fifo_async_inst/gnuram_async_fifo.xpm_fifo_base_inst/gen_cdc_pntr.rd_pntr_cdc_inst/dest_graysync_ff_reg[0][2]} {bd_soc_proj_i/axi_quad_spi_0/U0/NO_DUAL_QUAD_MODE.QSPI_NORMAL/XIP_MODE_GEN.AXI_QSPI_XIP_I/XIP_RECEIVE_FIFO_II/xpm_fifo_instance.xpm_fifo_async_inst/gnuram_async_fifo.xpm_fifo_base_inst/gen_cdc_pntr.rd_pntr_cdc_inst/dest_graysync_ff_reg[0][3]} {bd_soc_proj_i/axi_quad_spi_0/U0/NO_DUAL_QUAD_MODE.QSPI_NORMAL/XIP_MODE_GEN.AXI_QSPI_XIP_I/XIP_RECEIVE_FIFO_II/xpm_fifo_instance.xpm_fifo_async_inst/gnuram_async_fifo.xpm_fifo_base_inst/gen_cdc_pntr.rd_pntr_cdc_inst/dest_graysync_ff_reg[0][4]} {bd_soc_proj_i/axi_quad_spi_0/U0/NO_DUAL_QUAD_MODE.QSPI_NORMAL/XIP_MODE_GEN.AXI_QSPI_XIP_I/XIP_RECEIVE_FIFO_II/xpm_fifo_instance.xpm_fifo_async_inst/gnuram_async_fifo.xpm_fifo_base_inst/gen_cdc_pntr.rd_pntr_cdc_inst/dest_graysync_ff_reg[0][5]}]] 10.000
Requirement: 10.000ns
Endpoints: 6

From Clock            To Clock              Endpoint Pin                    Reference Pin                   Corner  Actual(ns)  Slack(ns)
--------------------  --------------------  ------------------------------  ------------------------------  ------  ----------  ---------
clk_out1_bd_soc_proj_clk_wiz_1_0
                      clk_out2_bd_soc_proj_clk_wiz_1_0
                                            bd_soc_proj_i/axi_quad_spi_0/U0/NO_DUAL_QUAD_MODE.QSPI_NORMAL/XIP_MODE_GEN.AXI_QSPI_XIP_I/XIP_RECEIVE_FIFO_II/xpm_fifo_instance.xpm_fifo_async_inst/gnuram_async_fifo.xpm_fifo_base_inst/gen_cdc_pntr.rd_pntr_cdc_inst/dest_graysync_ff_reg[0][5]/D
                                                                            bd_soc_proj_i/axi_quad_spi_0/U0/NO_DUAL_QUAD_MODE.QSPI_NORMAL/XIP_MODE_GEN.AXI_QSPI_XIP_I/XIP_RECEIVE_FIFO_II/xpm_fifo_instance.xpm_fifo_async_inst/gnuram_async_fifo.xpm_fifo_base_inst/gen_cdc_pntr.rd_pntr_cdc_inst/dest_graysync_ff_reg[0][2]/D
                                                                                                            Slow         1.185      8.815


Slack (MET) :             8.815ns  (requirement - actual skew)
  Endpoint Source:        bd_soc_proj_i/axi_quad_spi_0/U0/NO_DUAL_QUAD_MODE.QSPI_NORMAL/XIP_MODE_GEN.AXI_QSPI_XIP_I/XIP_RECEIVE_FIFO_II/xpm_fifo_instance.xpm_fifo_async_inst/gnuram_async_fifo.xpm_fifo_base_inst/gen_cdc_pntr.rd_pntr_cdc_inst/src_gray_ff_reg[5]/C
                            (rising edge-triggered cell FDRE clocked by clk_out1_bd_soc_proj_clk_wiz_1_0)
  Endpoint Destination:   bd_soc_proj_i/axi_quad_spi_0/U0/NO_DUAL_QUAD_MODE.QSPI_NORMAL/XIP_MODE_GEN.AXI_QSPI_XIP_I/XIP_RECEIVE_FIFO_II/xpm_fifo_instance.xpm_fifo_async_inst/gnuram_async_fifo.xpm_fifo_base_inst/gen_cdc_pntr.rd_pntr_cdc_inst/dest_graysync_ff_reg[0][5]/D
                            (rising edge-triggered cell FDRE clocked by clk_out2_bd_soc_proj_clk_wiz_1_0)
  Reference Source:       bd_soc_proj_i/axi_quad_spi_0/U0/NO_DUAL_QUAD_MODE.QSPI_NORMAL/XIP_MODE_GEN.AXI_QSPI_XIP_I/XIP_RECEIVE_FIFO_II/xpm_fifo_instance.xpm_fifo_async_inst/gnuram_async_fifo.xpm_fifo_base_inst/gen_cdc_pntr.rd_pntr_cdc_inst/src_gray_ff_reg[2]/C
                            (rising edge-triggered cell FDRE clocked by clk_out1_bd_soc_proj_clk_wiz_1_0)
  Reference Destination:  bd_soc_proj_i/axi_quad_spi_0/U0/NO_DUAL_QUAD_MODE.QSPI_NORMAL/XIP_MODE_GEN.AXI_QSPI_XIP_I/XIP_RECEIVE_FIFO_II/xpm_fifo_instance.xpm_fifo_async_inst/gnuram_async_fifo.xpm_fifo_base_inst/gen_cdc_pntr.rd_pntr_cdc_inst/dest_graysync_ff_reg[0][2]/D
                            (rising edge-triggered cell FDRE clocked by clk_out2_bd_soc_proj_clk_wiz_1_0)
  Path Type:              Bus Skew (Max at Slow Process Corner)
  Requirement:            10.000ns
  Endpoint Relative Delay:    1.441ns
  Reference Relative Delay:   0.194ns
  Relative CRPR:              0.265ns
  Uncertainty:                0.204ns
  Actual Bus Skew:            1.185ns  (Endpoint Relative Delay - Reference Relative Delay - Relative CRPR + Uncertainty)

Endpoint path:
    Location             Delay type                Incr(ns)  Path(ns)    Netlist Resource(s)
  -------------------------------------------------------------------    -------------------
                         (clock clk_out1_bd_soc_proj_clk_wiz_1_0 rise edge)
                                                      0.000     0.000 r  
    E3                   IBUF                         0.000     0.000 r  clk_IBUF_inst/O
                         net (fo=2, routed)           1.233     1.233    bd_soc_proj_i/clk_wiz_1/inst/clk_in1
    MMCME2_ADV_X1Y2      MMCME2_ADV (Prop_mmcme2_adv_CLKIN1_CLKOUT0)
                                                     -7.070    -5.837 r  bd_soc_proj_i/clk_wiz_1/inst/mmcm_adv_inst/CLKOUT0
                         net (fo=1, routed)           1.719    -4.118    bd_soc_proj_i/clk_wiz_1/inst/clk_out1_bd_soc_proj_clk_wiz_1_0
    BUFGCTRL_X0Y17       BUFG (Prop_bufg_I_O)         0.096    -4.022 r  bd_soc_proj_i/clk_wiz_1/inst/clkout1_buf/O
                         net (fo=3183, routed)        1.806    -2.215    bd_soc_proj_i/axi_quad_spi_0/U0/NO_DUAL_QUAD_MODE.QSPI_NORMAL/XIP_MODE_GEN.AXI_QSPI_XIP_I/XIP_RECEIVE_FIFO_II/xpm_fifo_instance.xpm_fifo_async_inst/gnuram_async_fifo.xpm_fifo_base_inst/gen_cdc_pntr.rd_pntr_cdc_inst/src_clk
    SLICE_X51Y49         FDRE                                         r  bd_soc_proj_i/axi_quad_spi_0/U0/NO_DUAL_QUAD_MODE.QSPI_NORMAL/XIP_MODE_GEN.AXI_QSPI_XIP_I/XIP_RECEIVE_FIFO_II/xpm_fifo_instance.xpm_fifo_async_inst/gnuram_async_fifo.xpm_fifo_base_inst/gen_cdc_pntr.rd_pntr_cdc_inst/src_gray_ff_reg[5]/C
  -------------------------------------------------------------------    -------------------
    SLICE_X51Y49         FDRE (Prop_fdre_C_Q)         0.419    -1.796 r  bd_soc_proj_i/axi_quad_spi_0/U0/NO_DUAL_QUAD_MODE.QSPI_NORMAL/XIP_MODE_GEN.AXI_QSPI_XIP_I/XIP_RECEIVE_FIFO_II/xpm_fifo_instance.xpm_fifo_async_inst/gnuram_async_fifo.xpm_fifo_base_inst/gen_cdc_pntr.rd_pntr_cdc_inst/src_gray_ff_reg[5]/Q
                         net (fo=1, routed)           0.589    -1.208    bd_soc_proj_i/axi_quad_spi_0/U0/NO_DUAL_QUAD_MODE.QSPI_NORMAL/XIP_MODE_GEN.AXI_QSPI_XIP_I/XIP_RECEIVE_FIFO_II/xpm_fifo_instance.xpm_fifo_async_inst/gnuram_async_fifo.xpm_fifo_base_inst/gen_cdc_pntr.rd_pntr_cdc_inst/async_path[5]
    SLICE_X50Y49         FDRE                                         r  bd_soc_proj_i/axi_quad_spi_0/U0/NO_DUAL_QUAD_MODE.QSPI_NORMAL/XIP_MODE_GEN.AXI_QSPI_XIP_I/XIP_RECEIVE_FIFO_II/xpm_fifo_instance.xpm_fifo_async_inst/gnuram_async_fifo.xpm_fifo_base_inst/gen_cdc_pntr.rd_pntr_cdc_inst/dest_graysync_ff_reg[0][5]/D
  -------------------------------------------------------------------    -------------------

                         (clock clk_out2_bd_soc_proj_clk_wiz_1_0 rise edge)
                                                      0.000     0.000 r  
    E3                   IBUF                         0.000     0.000 r  clk_IBUF_inst/O
                         net (fo=2, routed)           1.162     1.162    bd_soc_proj_i/clk_wiz_1/inst/clk_in1
    MMCME2_ADV_X1Y2      MMCME2_ADV (Prop_mmcme2_adv_CLKIN1_CLKOUT1)
                                                     -7.324    -6.162 r  bd_soc_proj_i/clk_wiz_1/inst/mmcm_adv_inst/CLKOUT1
                         net (fo=1, routed)           1.639    -4.523    bd_soc_proj_i/clk_wiz_1/inst/clk_out2_bd_soc_proj_clk_wiz_1_0
    BUFGCTRL_X0Y16       BUFG (Prop_bufg_I_O)         0.091    -4.432 r  bd_soc_proj_i/clk_wiz_1/inst/clkout2_buf/O
                         net (fo=488, routed)         1.677    -2.755    bd_soc_proj_i/axi_quad_spi_0/U0/NO_DUAL_QUAD_MODE.QSPI_NORMAL/XIP_MODE_GEN.AXI_QSPI_XIP_I/XIP_RECEIVE_FIFO_II/xpm_fifo_instance.xpm_fifo_async_inst/gnuram_async_fifo.xpm_fifo_base_inst/gen_cdc_pntr.rd_pntr_cdc_inst/dest_clk
    SLICE_X50Y49         FDRE                                         r  bd_soc_proj_i/axi_quad_spi_0/U0/NO_DUAL_QUAD_MODE.QSPI_NORMAL/XIP_MODE_GEN.AXI_QSPI_XIP_I/XIP_RECEIVE_FIFO_II/xpm_fifo_instance.xpm_fifo_async_inst/gnuram_async_fifo.xpm_fifo_base_inst/gen_cdc_pntr.rd_pntr_cdc_inst/dest_graysync_ff_reg[0][5]/C
                         clock pessimism              0.325    -2.430    
    SLICE_X50Y49         FDRE (Setup_fdre_C_D)       -0.218    -2.648    bd_soc_proj_i/axi_quad_spi_0/U0/NO_DUAL_QUAD_MODE.QSPI_NORMAL/XIP_MODE_GEN.AXI_QSPI_XIP_I/XIP_RECEIVE_FIFO_II/xpm_fifo_instance.xpm_fifo_async_inst/gnuram_async_fifo.xpm_fifo_base_inst/gen_cdc_pntr.rd_pntr_cdc_inst/dest_graysync_ff_reg[0][5]
  -------------------------------------------------------------------
                         data arrival                          -1.208    
                         clock arrival                         -2.648    
  -------------------------------------------------------------------
                         relative delay                         1.441    

Reference path:
    Location             Delay type                Incr(ns)  Path(ns)    Netlist Resource(s)
  -------------------------------------------------------------------    -------------------
                         (clock clk_out1_bd_soc_proj_clk_wiz_1_0 rise edge)
                                                      0.000     0.000 r  
    E3                   IBUF                         0.000     0.000 r  clk_IBUF_inst/O
                         net (fo=2, routed)           1.162     1.162    bd_soc_proj_i/clk_wiz_1/inst/clk_in1
    MMCME2_ADV_X1Y2      MMCME2_ADV (Prop_mmcme2_adv_CLKIN1_CLKOUT0)
                                                     -7.324    -6.162 r  bd_soc_proj_i/clk_wiz_1/inst/mmcm_adv_inst/CLKOUT0
                         net (fo=1, routed)           1.639    -4.523    bd_soc_proj_i/clk_wiz_1/inst/clk_out1_bd_soc_proj_clk_wiz_1_0
    BUFGCTRL_X0Y17       BUFG (Prop_bufg_I_O)         0.091    -4.432 r  bd_soc_proj_i/clk_wiz_1/inst/clkout1_buf/O
                         net (fo=3183, routed)        1.514    -2.917    bd_soc_proj_i/axi_quad_spi_0/U0/NO_DUAL_QUAD_MODE.QSPI_NORMAL/XIP_MODE_GEN.AXI_QSPI_XIP_I/XIP_RECEIVE_FIFO_II/xpm_fifo_instance.xpm_fifo_async_inst/gnuram_async_fifo.xpm_fifo_base_inst/gen_cdc_pntr.rd_pntr_cdc_inst/src_clk
    SLICE_X48Y50         FDRE                                         r  bd_soc_proj_i/axi_quad_spi_0/U0/NO_DUAL_QUAD_MODE.QSPI_NORMAL/XIP_MODE_GEN.AXI_QSPI_XIP_I/XIP_RECEIVE_FIFO_II/xpm_fifo_instance.xpm_fifo_async_inst/gnuram_async_fifo.xpm_fifo_base_inst/gen_cdc_pntr.rd_pntr_cdc_inst/src_gray_ff_reg[2]/C
  -------------------------------------------------------------------    -------------------
    SLICE_X48Y50         FDRE (Prop_fdre_C_Q)         0.367    -2.550 r  bd_soc_proj_i/axi_quad_spi_0/U0/NO_DUAL_QUAD_MODE.QSPI_NORMAL/XIP_MODE_GEN.AXI_QSPI_XIP_I/XIP_RECEIVE_FIFO_II/xpm_fifo_instance.xpm_fifo_async_inst/gnuram_async_fifo.xpm_fifo_base_inst/gen_cdc_pntr.rd_pntr_cdc_inst/src_gray_ff_reg[2]/Q
                         net (fo=1, routed)           0.377    -2.174    bd_soc_proj_i/axi_quad_spi_0/U0/NO_DUAL_QUAD_MODE.QSPI_NORMAL/XIP_MODE_GEN.AXI_QSPI_XIP_I/XIP_RECEIVE_FIFO_II/xpm_fifo_instance.xpm_fifo_async_inst/gnuram_async_fifo.xpm_fifo_base_inst/gen_cdc_pntr.rd_pntr_cdc_inst/async_path[2]
    SLICE_X48Y47         FDRE                                         r  bd_soc_proj_i/axi_quad_spi_0/U0/NO_DUAL_QUAD_MODE.QSPI_NORMAL/XIP_MODE_GEN.AXI_QSPI_XIP_I/XIP_RECEIVE_FIFO_II/xpm_fifo_instance.xpm_fifo_async_inst/gnuram_async_fifo.xpm_fifo_base_inst/gen_cdc_pntr.rd_pntr_cdc_inst/dest_graysync_ff_reg[0][2]/D
  -------------------------------------------------------------------    -------------------

                         (clock clk_out2_bd_soc_proj_clk_wiz_1_0 rise edge)
                                                      0.000     0.000 r  
    E3                   IBUF                         0.000     0.000 r  clk_IBUF_inst/O
                         net (fo=2, routed)           1.233     1.233    bd_soc_proj_i/clk_wiz_1/inst/clk_in1
    MMCME2_ADV_X1Y2      MMCME2_ADV (Prop_mmcme2_adv_CLKIN1_CLKOUT1)
                                                     -7.070    -5.837 r  bd_soc_proj_i/clk_wiz_1/inst/mmcm_adv_inst/CLKOUT1
                         net (fo=1, routed)           1.719    -4.118    bd_soc_proj_i/clk_wiz_1/inst/clk_out2_bd_soc_proj_clk_wiz_1_0
    BUFGCTRL_X0Y16       BUFG (Prop_bufg_I_O)         0.096    -4.022 r  bd_soc_proj_i/clk_wiz_1/inst/clkout2_buf/O
                         net (fo=488, routed)         1.808    -2.213    bd_soc_proj_i/axi_quad_spi_0/U0/NO_DUAL_QUAD_MODE.QSPI_NORMAL/XIP_MODE_GEN.AXI_QSPI_XIP_I/XIP_RECEIVE_FIFO_II/xpm_fifo_instance.xpm_fifo_async_inst/gnuram_async_fifo.xpm_fifo_base_inst/gen_cdc_pntr.rd_pntr_cdc_inst/dest_clk
    SLICE_X48Y47         FDRE                                         r  bd_soc_proj_i/axi_quad_spi_0/U0/NO_DUAL_QUAD_MODE.QSPI_NORMAL/XIP_MODE_GEN.AXI_QSPI_XIP_I/XIP_RECEIVE_FIFO_II/xpm_fifo_instance.xpm_fifo_async_inst/gnuram_async_fifo.xpm_fifo_base_inst/gen_cdc_pntr.rd_pntr_cdc_inst/dest_graysync_ff_reg[0][2]/C
                         clock pessimism             -0.325    -2.538    
    SLICE_X48Y47         FDRE (Hold_fdre_C_D)         0.170    -2.368    bd_soc_proj_i/axi_quad_spi_0/U0/NO_DUAL_QUAD_MODE.QSPI_NORMAL/XIP_MODE_GEN.AXI_QSPI_XIP_I/XIP_RECEIVE_FIFO_II/xpm_fifo_instance.xpm_fifo_async_inst/gnuram_async_fifo.xpm_fifo_base_inst/gen_cdc_pntr.rd_pntr_cdc_inst/dest_graysync_ff_reg[0][2]
  -------------------------------------------------------------------
                         data arrival                          -2.174    
                         clock arrival                         -2.368    
  -------------------------------------------------------------------
                         relative delay                         0.194    



Id: 2
set_bus_skew -from [get_cells [list {bd_soc_proj_i/axi_quad_spi_0/U0/NO_DUAL_QUAD_MODE.QSPI_NORMAL/XIP_MODE_GEN.AXI_QSPI_XIP_I/XIP_RECEIVE_FIFO_II/xpm_fifo_instance.xpm_fifo_async_inst/gnuram_async_fifo.xpm_fifo_base_inst/gen_cdc_pntr.wr_pntr_cdc_inst/src_gray_ff_reg[0]} {bd_soc_proj_i/axi_quad_spi_0/U0/NO_DUAL_QUAD_MODE.QSPI_NORMAL/XIP_MODE_GEN.AXI_QSPI_XIP_I/XIP_RECEIVE_FIFO_II/xpm_fifo_instance.xpm_fifo_async_inst/gnuram_async_fifo.xpm_fifo_base_inst/gen_cdc_pntr.wr_pntr_cdc_inst/src_gray_ff_reg[1]} {bd_soc_proj_i/axi_quad_spi_0/U0/NO_DUAL_QUAD_MODE.QSPI_NORMAL/XIP_MODE_GEN.AXI_QSPI_XIP_I/XIP_RECEIVE_FIFO_II/xpm_fifo_instance.xpm_fifo_async_inst/gnuram_async_fifo.xpm_fifo_base_inst/gen_cdc_pntr.wr_pntr_cdc_inst/src_gray_ff_reg[2]} {bd_soc_proj_i/axi_quad_spi_0/U0/NO_DUAL_QUAD_MODE.QSPI_NORMAL/XIP_MODE_GEN.AXI_QSPI_XIP_I/XIP_RECEIVE_FIFO_II/xpm_fifo_instance.xpm_fifo_async_inst/gnuram_async_fifo.xpm_fifo_base_inst/gen_cdc_pntr.wr_pntr_cdc_inst/src_gray_ff_reg[3]} {bd_soc_proj_i/axi_quad_spi_0/U0/NO_DUAL_QUAD_MODE.QSPI_NORMAL/XIP_MODE_GEN.AXI_QSPI_XIP_I/XIP_RECEIVE_FIFO_II/xpm_fifo_instance.xpm_fifo_async_inst/gnuram_async_fifo.xpm_fifo_base_inst/gen_cdc_pntr.wr_pntr_cdc_inst/src_gray_ff_reg[4]} {bd_soc_proj_i/axi_quad_spi_0/U0/NO_DUAL_QUAD_MODE.QSPI_NORMAL/XIP_MODE_GEN.AXI_QSPI_XIP_I/XIP_RECEIVE_FIFO_II/xpm_fifo_instance.xpm_fifo_async_inst/gnuram_async_fifo.xpm_fifo_base_inst/gen_cdc_pntr.wr_pntr_cdc_inst/src_gray_ff_reg[5]}]] -to [get_cells [list {bd_soc_proj_i/axi_quad_spi_0/U0/NO_DUAL_QUAD_MODE.QSPI_NORMAL/XIP_MODE_GEN.AXI_QSPI_XIP_I/XIP_RECEIVE_FIFO_II/xpm_fifo_instance.xpm_fifo_async_inst/gnuram_async_fifo.xpm_fifo_base_inst/gen_cdc_pntr.wr_pntr_cdc_inst/dest_graysync_ff_reg[0][0]} {bd_soc_proj_i/axi_quad_spi_0/U0/NO_DUAL_QUAD_MODE.QSPI_NORMAL/XIP_MODE_GEN.AXI_QSPI_XIP_I/XIP_RECEIVE_FIFO_II/xpm_fifo_instance.xpm_fifo_async_inst/gnuram_async_fifo.xpm_fifo_base_inst/gen_cdc_pntr.wr_pntr_cdc_inst/dest_graysync_ff_reg[0][1]} {bd_soc_proj_i/axi_quad_spi_0/U0/NO_DUAL_QUAD_MODE.QSPI_NORMAL/XIP_MODE_GEN.AXI_QSPI_XIP_I/XIP_RECEIVE_FIFO_II/xpm_fifo_instance.xpm_fifo_async_inst/gnuram_async_fifo.xpm_fifo_base_inst/gen_cdc_pntr.wr_pntr_cdc_inst/dest_graysync_ff_reg[0][2]} {bd_soc_proj_i/axi_quad_spi_0/U0/NO_DUAL_QUAD_MODE.QSPI_NORMAL/XIP_MODE_GEN.AXI_QSPI_XIP_I/XIP_RECEIVE_FIFO_II/xpm_fifo_instance.xpm_fifo_async_inst/gnuram_async_fifo.xpm_fifo_base_inst/gen_cdc_pntr.wr_pntr_cdc_inst/dest_graysync_ff_reg[0][3]} {bd_soc_proj_i/axi_quad_spi_0/U0/NO_DUAL_QUAD_MODE.QSPI_NORMAL/XIP_MODE_GEN.AXI_QSPI_XIP_I/XIP_RECEIVE_FIFO_II/xpm_fifo_instance.xpm_fifo_async_inst/gnuram_async_fifo.xpm_fifo_base_inst/gen_cdc_pntr.wr_pntr_cdc_inst/dest_graysync_ff_reg[0][4]} {bd_soc_proj_i/axi_quad_spi_0/U0/NO_DUAL_QUAD_MODE.QSPI_NORMAL/XIP_MODE_GEN.AXI_QSPI_XIP_I/XIP_RECEIVE_FIFO_II/xpm_fifo_instance.xpm_fifo_async_inst/gnuram_async_fifo.xpm_fifo_base_inst/gen_cdc_pntr.wr_pntr_cdc_inst/dest_graysync_ff_reg[0][5]}]] 10.000
Requirement: 10.000ns
Endpoints: 6

From Clock            To Clock              Endpoint Pin                    Reference Pin                   Corner  Actual(ns)  Slack(ns)
--------------------  --------------------  ------------------------------  ------------------------------  ------  ----------  ---------
clk_out2_bd_soc_proj_clk_wiz_1_0
                      clk_out1_bd_soc_proj_clk_wiz_1_0
                                            bd_soc_proj_i/axi_quad_spi_0/U0/NO_DUAL_QUAD_MODE.QSPI_NORMAL/XIP_MODE_GEN.AXI_QSPI_XIP_I/XIP_RECEIVE_FIFO_II/xpm_fifo_instance.xpm_fifo_async_inst/gnuram_async_fifo.xpm_fifo_base_inst/gen_cdc_pntr.wr_pntr_cdc_inst/dest_graysync_ff_reg[0][3]/D
                                                                            bd_soc_proj_i/axi_quad_spi_0/U0/NO_DUAL_QUAD_MODE.QSPI_NORMAL/XIP_MODE_GEN.AXI_QSPI_XIP_I/XIP_RECEIVE_FIFO_II/xpm_fifo_instance.xpm_fifo_async_inst/gnuram_async_fifo.xpm_fifo_base_inst/gen_cdc_pntr.wr_pntr_cdc_inst/dest_graysync_ff_reg[0][0]/D
                                                                                                            Slow         1.072      8.928


Slack (MET) :             8.928ns  (requirement - actual skew)
  Endpoint Source:        bd_soc_proj_i/axi_quad_spi_0/U0/NO_DUAL_QUAD_MODE.QSPI_NORMAL/XIP_MODE_GEN.AXI_QSPI_XIP_I/XIP_RECEIVE_FIFO_II/xpm_fifo_instance.xpm_fifo_async_inst/gnuram_async_fifo.xpm_fifo_base_inst/gen_cdc_pntr.wr_pntr_cdc_inst/src_gray_ff_reg[3]/C
                            (rising edge-triggered cell FDRE clocked by clk_out2_bd_soc_proj_clk_wiz_1_0)
  Endpoint Destination:   bd_soc_proj_i/axi_quad_spi_0/U0/NO_DUAL_QUAD_MODE.QSPI_NORMAL/XIP_MODE_GEN.AXI_QSPI_XIP_I/XIP_RECEIVE_FIFO_II/xpm_fifo_instance.xpm_fifo_async_inst/gnuram_async_fifo.xpm_fifo_base_inst/gen_cdc_pntr.wr_pntr_cdc_inst/dest_graysync_ff_reg[0][3]/D
                            (rising edge-triggered cell FDRE clocked by clk_out1_bd_soc_proj_clk_wiz_1_0)
  Reference Source:       bd_soc_proj_i/axi_quad_spi_0/U0/NO_DUAL_QUAD_MODE.QSPI_NORMAL/XIP_MODE_GEN.AXI_QSPI_XIP_I/XIP_RECEIVE_FIFO_II/xpm_fifo_instance.xpm_fifo_async_inst/gnuram_async_fifo.xpm_fifo_base_inst/gen_cdc_pntr.wr_pntr_cdc_inst/src_gray_ff_reg[0]/C
                            (rising edge-triggered cell FDRE clocked by clk_out2_bd_soc_proj_clk_wiz_1_0)
  Reference Destination:  bd_soc_proj_i/axi_quad_spi_0/U0/NO_DUAL_QUAD_MODE.QSPI_NORMAL/XIP_MODE_GEN.AXI_QSPI_XIP_I/XIP_RECEIVE_FIFO_II/xpm_fifo_instance.xpm_fifo_async_inst/gnuram_async_fifo.xpm_fifo_base_inst/gen_cdc_pntr.wr_pntr_cdc_inst/dest_graysync_ff_reg[0][0]/D
                            (rising edge-triggered cell FDRE clocked by clk_out1_bd_soc_proj_clk_wiz_1_0)
  Path Type:              Bus Skew (Max at Slow Process Corner)
  Requirement:            10.000ns
  Endpoint Relative Delay:    1.525ns
  Reference Relative Delay:   0.358ns
  Relative CRPR:              0.299ns
  Uncertainty:                0.204ns
  Actual Bus Skew:            1.072ns  (Endpoint Relative Delay - Reference Relative Delay - Relative CRPR + Uncertainty)

Endpoint path:
    Location             Delay type                Incr(ns)  Path(ns)    Netlist Resource(s)
  -------------------------------------------------------------------    -------------------
                         (clock clk_out2_bd_soc_proj_clk_wiz_1_0 rise edge)
                                                      0.000     0.000 r  
    E3                   IBUF                         0.000     0.000 r  clk_IBUF_inst/O
                         net (fo=2, routed)           1.233     1.233    bd_soc_proj_i/clk_wiz_1/inst/clk_in1
    MMCME2_ADV_X1Y2      MMCME2_ADV (Prop_mmcme2_adv_CLKIN1_CLKOUT1)
                                                     -7.070    -5.837 r  bd_soc_proj_i/clk_wiz_1/inst/mmcm_adv_inst/CLKOUT1
                         net (fo=1, routed)           1.719    -4.118    bd_soc_proj_i/clk_wiz_1/inst/clk_out2_bd_soc_proj_clk_wiz_1_0
    BUFGCTRL_X0Y16       BUFG (Prop_bufg_I_O)         0.096    -4.022 r  bd_soc_proj_i/clk_wiz_1/inst/clkout2_buf/O
                         net (fo=488, routed)         1.635    -2.386    bd_soc_proj_i/axi_quad_spi_0/U0/NO_DUAL_QUAD_MODE.QSPI_NORMAL/XIP_MODE_GEN.AXI_QSPI_XIP_I/XIP_RECEIVE_FIFO_II/xpm_fifo_instance.xpm_fifo_async_inst/gnuram_async_fifo.xpm_fifo_base_inst/gen_cdc_pntr.wr_pntr_cdc_inst/src_clk
    SLICE_X46Y51         FDRE                                         r  bd_soc_proj_i/axi_quad_spi_0/U0/NO_DUAL_QUAD_MODE.QSPI_NORMAL/XIP_MODE_GEN.AXI_QSPI_XIP_I/XIP_RECEIVE_FIFO_II/xpm_fifo_instance.xpm_fifo_async_inst/gnuram_async_fifo.xpm_fifo_base_inst/gen_cdc_pntr.wr_pntr_cdc_inst/src_gray_ff_reg[3]/C
  -------------------------------------------------------------------    -------------------
    SLICE_X46Y51         FDRE (Prop_fdre_C_Q)         0.478    -1.908 r  bd_soc_proj_i/axi_quad_spi_0/U0/NO_DUAL_QUAD_MODE.QSPI_NORMAL/XIP_MODE_GEN.AXI_QSPI_XIP_I/XIP_RECEIVE_FIFO_II/xpm_fifo_instance.xpm_fifo_async_inst/gnuram_async_fifo.xpm_fifo_base_inst/gen_cdc_pntr.wr_pntr_cdc_inst/src_gray_ff_reg[3]/Q
                         net (fo=1, routed)           0.622    -1.286    bd_soc_proj_i/axi_quad_spi_0/U0/NO_DUAL_QUAD_MODE.QSPI_NORMAL/XIP_MODE_GEN.AXI_QSPI_XIP_I/XIP_RECEIVE_FIFO_II/xpm_fifo_instance.xpm_fifo_async_inst/gnuram_async_fifo.xpm_fifo_base_inst/gen_cdc_pntr.wr_pntr_cdc_inst/async_path[3]
    SLICE_X42Y51         FDRE                                         r  bd_soc_proj_i/axi_quad_spi_0/U0/NO_DUAL_QUAD_MODE.QSPI_NORMAL/XIP_MODE_GEN.AXI_QSPI_XIP_I/XIP_RECEIVE_FIFO_II/xpm_fifo_instance.xpm_fifo_async_inst/gnuram_async_fifo.xpm_fifo_base_inst/gen_cdc_pntr.wr_pntr_cdc_inst/dest_graysync_ff_reg[0][3]/D
  -------------------------------------------------------------------    -------------------

                         (clock clk_out1_bd_soc_proj_clk_wiz_1_0 rise edge)
                                                      0.000     0.000 r  
    E3                   IBUF                         0.000     0.000 r  clk_IBUF_inst/O
                         net (fo=2, routed)           1.162     1.162    bd_soc_proj_i/clk_wiz_1/inst/clk_in1
    MMCME2_ADV_X1Y2      MMCME2_ADV (Prop_mmcme2_adv_CLKIN1_CLKOUT0)
                                                     -7.324    -6.162 r  bd_soc_proj_i/clk_wiz_1/inst/mmcm_adv_inst/CLKOUT0
                         net (fo=1, routed)           1.639    -4.523    bd_soc_proj_i/clk_wiz_1/inst/clk_out1_bd_soc_proj_clk_wiz_1_0
    BUFGCTRL_X0Y17       BUFG (Prop_bufg_I_O)         0.091    -4.432 r  bd_soc_proj_i/clk_wiz_1/inst/clkout1_buf/O
                         net (fo=3183, routed)        1.516    -2.915    bd_soc_proj_i/axi_quad_spi_0/U0/NO_DUAL_QUAD_MODE.QSPI_NORMAL/XIP_MODE_GEN.AXI_QSPI_XIP_I/XIP_RECEIVE_FIFO_II/xpm_fifo_instance.xpm_fifo_async_inst/gnuram_async_fifo.xpm_fifo_base_inst/gen_cdc_pntr.wr_pntr_cdc_inst/dest_clk
    SLICE_X42Y51         FDRE                                         r  bd_soc_proj_i/axi_quad_spi_0/U0/NO_DUAL_QUAD_MODE.QSPI_NORMAL/XIP_MODE_GEN.AXI_QSPI_XIP_I/XIP_RECEIVE_FIFO_II/xpm_fifo_instance.xpm_fifo_async_inst/gnuram_async_fifo.xpm_fifo_base_inst/gen_cdc_pntr.wr_pntr_cdc_inst/dest_graysync_ff_reg[0][3]/C
                         clock pessimism              0.325    -2.591    
    SLICE_X42Y51         FDRE (Setup_fdre_C_D)       -0.220    -2.811    bd_soc_proj_i/axi_quad_spi_0/U0/NO_DUAL_QUAD_MODE.QSPI_NORMAL/XIP_MODE_GEN.AXI_QSPI_XIP_I/XIP_RECEIVE_FIFO_II/xpm_fifo_instance.xpm_fifo_async_inst/gnuram_async_fifo.xpm_fifo_base_inst/gen_cdc_pntr.wr_pntr_cdc_inst/dest_graysync_ff_reg[0][3]
  -------------------------------------------------------------------
                         data arrival                          -1.286    
                         clock arrival                         -2.811    
  -------------------------------------------------------------------
                         relative delay                         1.525    

Reference path:
    Location             Delay type                Incr(ns)  Path(ns)    Netlist Resource(s)
  -------------------------------------------------------------------    -------------------
                         (clock clk_out2_bd_soc_proj_clk_wiz_1_0 rise edge)
                                                      0.000     0.000 r  
    E3                   IBUF                         0.000     0.000 r  clk_IBUF_inst/O
                         net (fo=2, routed)           1.162     1.162    bd_soc_proj_i/clk_wiz_1/inst/clk_in1
    MMCME2_ADV_X1Y2      MMCME2_ADV (Prop_mmcme2_adv_CLKIN1_CLKOUT1)
                                                     -7.324    -6.162 r  bd_soc_proj_i/clk_wiz_1/inst/mmcm_adv_inst/CLKOUT1
                         net (fo=1, routed)           1.639    -4.523    bd_soc_proj_i/clk_wiz_1/inst/clk_out2_bd_soc_proj_clk_wiz_1_0
    BUFGCTRL_X0Y16       BUFG (Prop_bufg_I_O)         0.091    -4.432 r  bd_soc_proj_i/clk_wiz_1/inst/clkout2_buf/O
                         net (fo=488, routed)         1.514    -2.917    bd_soc_proj_i/axi_quad_spi_0/U0/NO_DUAL_QUAD_MODE.QSPI_NORMAL/XIP_MODE_GEN.AXI_QSPI_XIP_I/XIP_RECEIVE_FIFO_II/xpm_fifo_instance.xpm_fifo_async_inst/gnuram_async_fifo.xpm_fifo_base_inst/gen_cdc_pntr.wr_pntr_cdc_inst/src_clk
    SLICE_X46Y51         FDRE                                         r  bd_soc_proj_i/axi_quad_spi_0/U0/NO_DUAL_QUAD_MODE.QSPI_NORMAL/XIP_MODE_GEN.AXI_QSPI_XIP_I/XIP_RECEIVE_FIFO_II/xpm_fifo_instance.xpm_fifo_async_inst/gnuram_async_fifo.xpm_fifo_base_inst/gen_cdc_pntr.wr_pntr_cdc_inst/src_gray_ff_reg[0]/C
  -------------------------------------------------------------------    -------------------
    SLICE_X46Y51         FDRE (Prop_fdre_C_Q)         0.418    -2.499 r  bd_soc_proj_i/axi_quad_spi_0/U0/NO_DUAL_QUAD_MODE.QSPI_NORMAL/XIP_MODE_GEN.AXI_QSPI_XIP_I/XIP_RECEIVE_FIFO_II/xpm_fifo_instance.xpm_fifo_async_inst/gnuram_async_fifo.xpm_fifo_base_inst/gen_cdc_pntr.wr_pntr_cdc_inst/src_gray_ff_reg[0]/Q
                         net (fo=1, routed)           0.491    -2.008    bd_soc_proj_i/axi_quad_spi_0/U0/NO_DUAL_QUAD_MODE.QSPI_NORMAL/XIP_MODE_GEN.AXI_QSPI_XIP_I/XIP_RECEIVE_FIFO_II/xpm_fifo_instance.xpm_fifo_async_inst/gnuram_async_fifo.xpm_fifo_base_inst/gen_cdc_pntr.wr_pntr_cdc_inst/async_path[0]
    SLICE_X43Y49         FDRE                                         r  bd_soc_proj_i/axi_quad_spi_0/U0/NO_DUAL_QUAD_MODE.QSPI_NORMAL/XIP_MODE_GEN.AXI_QSPI_XIP_I/XIP_RECEIVE_FIFO_II/xpm_fifo_instance.xpm_fifo_async_inst/gnuram_async_fifo.xpm_fifo_base_inst/gen_cdc_pntr.wr_pntr_cdc_inst/dest_graysync_ff_reg[0][0]/D
  -------------------------------------------------------------------    -------------------

                         (clock clk_out1_bd_soc_proj_clk_wiz_1_0 rise edge)
                                                      0.000     0.000 r  
    E3                   IBUF                         0.000     0.000 r  clk_IBUF_inst/O
                         net (fo=2, routed)           1.233     1.233    bd_soc_proj_i/clk_wiz_1/inst/clk_in1
    MMCME2_ADV_X1Y2      MMCME2_ADV (Prop_mmcme2_adv_CLKIN1_CLKOUT0)
                                                     -7.070    -5.837 r  bd_soc_proj_i/clk_wiz_1/inst/mmcm_adv_inst/CLKOUT0
                         net (fo=1, routed)           1.719    -4.118    bd_soc_proj_i/clk_wiz_1/inst/clk_out1_bd_soc_proj_clk_wiz_1_0
    BUFGCTRL_X0Y17       BUFG (Prop_bufg_I_O)         0.096    -4.022 r  bd_soc_proj_i/clk_wiz_1/inst/clkout1_buf/O
                         net (fo=3183, routed)        1.811    -2.210    bd_soc_proj_i/axi_quad_spi_0/U0/NO_DUAL_QUAD_MODE.QSPI_NORMAL/XIP_MODE_GEN.AXI_QSPI_XIP_I/XIP_RECEIVE_FIFO_II/xpm_fifo_instance.xpm_fifo_async_inst/gnuram_async_fifo.xpm_fifo_base_inst/gen_cdc_pntr.wr_pntr_cdc_inst/dest_clk
    SLICE_X43Y49         FDRE                                         r  bd_soc_proj_i/axi_quad_spi_0/U0/NO_DUAL_QUAD_MODE.QSPI_NORMAL/XIP_MODE_GEN.AXI_QSPI_XIP_I/XIP_RECEIVE_FIFO_II/xpm_fifo_instance.xpm_fifo_async_inst/gnuram_async_fifo.xpm_fifo_base_inst/gen_cdc_pntr.wr_pntr_cdc_inst/dest_graysync_ff_reg[0][0]/C
                         clock pessimism             -0.325    -2.535    
    SLICE_X43Y49         FDRE (Hold_fdre_C_D)         0.169    -2.366    bd_soc_proj_i/axi_quad_spi_0/U0/NO_DUAL_QUAD_MODE.QSPI_NORMAL/XIP_MODE_GEN.AXI_QSPI_XIP_I/XIP_RECEIVE_FIFO_II/xpm_fifo_instance.xpm_fifo_async_inst/gnuram_async_fifo.xpm_fifo_base_inst/gen_cdc_pntr.wr_pntr_cdc_inst/dest_graysync_ff_reg[0][0]
  -------------------------------------------------------------------
                         data arrival                          -2.008    
                         clock arrival                         -2.366    
  -------------------------------------------------------------------
                         relative delay                         0.358    



