Copyright 1986-2020 Xilinx, Inc. All Rights Reserved.
-------------------------------------------------------------------------------------------------------------------------------------------------------------------------------
| Tool Version     : Vivado v.2020.1 (win64) Build 2902540 Wed May 27 19:54:49 MDT 2020
| Date             : Sat Sep 11 16:09:29 2021
| Host             : FREISMUTHDESK running 64-bit major release  (build 9200)
| Command          : report_power -file bd_soc_proj_wrapper_power_routed.rpt -pb bd_soc_proj_wrapper_power_summary_routed.pb -rpx bd_soc_proj_wrapper_power_routed.rpx
| Design           : bd_soc_proj_wrapper
| Device           : xc7a100tcsg324-1
| Design State     : routed
| Grade            : commercial
| Process          : typical
| Characterization : Production
-------------------------------------------------------------------------------------------------------------------------------------------------------------------------------

Power Report

Table of Contents
-----------------
1. Summary
1.1 On-Chip Components
1.2 Power Supply Summary
1.3 Confidence Level
2. Settings
2.1 Environment
2.2 Clock Constraints
3. Detailed Reports
3.1 By Hierarchy

1. Summary
----------

+--------------------------+--------------+
| Total On-Chip Power (W)  | 0.277        |
| Design Power Budget (W)  | Unspecified* |
| Power Budget Margin (W)  | NA           |
| Dynamic (W)              | 0.176        |
| Device Static (W)        | 0.101        |
| Effective TJA (C/W)      | 4.6          |
| Max Ambient (C)          | 83.7         |
| Junction Temperature (C) | 26.3         |
| Confidence Level         | Low          |
| Setting File             | ---          |
| Simulation Activity File | ---          |
| Design Nets Matched      | NA           |
+--------------------------+--------------+
* Specify Design Power Budget using, set_operating_conditions -design_power_budget <value in Watts>


1.1 On-Chip Components
----------------------

+--------------------------+-----------+----------+-----------+-----------------+
| On-Chip                  | Power (W) | Used     | Available | Utilization (%) |
+--------------------------+-----------+----------+-----------+-----------------+
| Clocks                   |     0.021 |        8 |       --- |             --- |
| Slice Logic              |     0.007 |     8061 |       --- |             --- |
|   LUT as Logic           |     0.006 |     2655 |     63400 |            4.19 |
|   LUT as Distributed RAM |    <0.001 |       64 |     19000 |            0.34 |
|   Register               |    <0.001 |     3554 |    126800 |            2.80 |
|   CARRY4                 |    <0.001 |       81 |     15850 |            0.51 |
|   F7/F8 Muxes            |    <0.001 |      111 |     63400 |            0.18 |
|   LUT as Shift Register  |    <0.001 |       74 |     19000 |            0.39 |
|   Others                 |    <0.001 |      784 |       --- |             --- |
| Signals                  |     0.020 |     6156 |       --- |             --- |
| Block RAM                |     0.018 |     65.5 |       135 |           48.52 |
| MMCM                     |     0.106 |        1 |         6 |           16.67 |
| DSPs                     |     0.001 |        4 |       240 |            1.67 |
| I/O                      |    <0.001 |        8 |       210 |            3.81 |
| XADC                     |     0.002 |        1 |       --- |             --- |
| Static Power             |     0.101 |          |           |                 |
| Total                    |     0.277 |          |           |                 |
+--------------------------+-----------+----------+-----------+-----------------+


1.2 Power Supply Summary
------------------------

+-----------+-------------+-----------+-------------+------------+-------------+-------------+------------+
| Source    | Voltage (V) | Total (A) | Dynamic (A) | Static (A) | Powerup (A) | Budget (A)  | Margin (A) |
+-----------+-------------+-----------+-------------+------------+-------------+-------------+------------+
| Vccint    |       1.000 |     0.084 |       0.067 |      0.017 |       NA    | Unspecified | NA         |
| Vccaux    |       1.800 |     0.077 |       0.059 |      0.018 |       NA    | Unspecified | NA         |
| Vcco33    |       3.300 |     0.004 |       0.000 |      0.004 |       NA    | Unspecified | NA         |
| Vcco25    |       2.500 |     0.000 |       0.000 |      0.000 |       NA    | Unspecified | NA         |
| Vcco18    |       1.800 |     0.000 |       0.000 |      0.000 |       NA    | Unspecified | NA         |
| Vcco15    |       1.500 |     0.000 |       0.000 |      0.000 |       NA    | Unspecified | NA         |
| Vcco135   |       1.350 |     0.000 |       0.000 |      0.000 |       NA    | Unspecified | NA         |
| Vcco12    |       1.200 |     0.000 |       0.000 |      0.000 |       NA    | Unspecified | NA         |
| Vccaux_io |       1.800 |     0.000 |       0.000 |      0.000 |       NA    | Unspecified | NA         |
| Vccbram   |       1.000 |     0.003 |       0.001 |      0.002 |       NA    | Unspecified | NA         |
| MGTAVcc   |       1.000 |     0.000 |       0.000 |      0.000 |       NA    | Unspecified | NA         |
| MGTAVtt   |       1.200 |     0.000 |       0.000 |      0.000 |       NA    | Unspecified | NA         |
| Vccadc    |       1.800 |     0.021 |       0.001 |      0.020 |       NA    | Unspecified | NA         |
+-----------+-------------+-----------+-------------+------------+-------------+-------------+------------+


1.3 Confidence Level
--------------------

+-----------------------------+------------+--------------------------------------------------------+------------------------------------------------------------------------------------------------------------+
| User Input Data             | Confidence | Details                                                | Action                                                                                                     |
+-----------------------------+------------+--------------------------------------------------------+------------------------------------------------------------------------------------------------------------+
| Design implementation state | High       | Design is routed                                       |                                                                                                            |
| Clock nodes activity        | High       | User specified more than 95% of clocks                 |                                                                                                            |
| I/O nodes activity          | Low        | More than 75% of inputs are missing user specification | Provide missing input activity with simulation results or by editing the "By Resource Type -> I/Os" view   |
| Internal nodes activity     | Medium     | User specified less than 25% of internal nodes         | Provide missing internal nodes activity with simulation results or by editing the "By Resource Type" views |
| Device models               | High       | Device models are Production                           |                                                                                                            |
|                             |            |                                                        |                                                                                                            |
| Overall confidence level    | Low        |                                                        |                                                                                                            |
+-----------------------------+------------+--------------------------------------------------------+------------------------------------------------------------------------------------------------------------+


2. Settings
-----------

2.1 Environment
---------------

+-----------------------+--------------------------+
| Ambient Temp (C)      | 25.0                     |
| ThetaJA (C/W)         | 4.6                      |
| Airflow (LFM)         | 250                      |
| Heat Sink             | medium (Medium Profile)  |
| ThetaSA (C/W)         | 4.6                      |
| Board Selection       | medium (10"x10")         |
| # of Board Layers     | 12to15 (12 to 15 Layers) |
| Board Temperature (C) | 25.0                     |
+-----------------------+--------------------------+


2.2 Clock Constraints
---------------------

+---------------------------------------------------------------+---------------------------------------------------------------+-----------------+
| Clock                                                         | Domain                                                        | Constraint (ns) |
+---------------------------------------------------------------+---------------------------------------------------------------+-----------------+
| bd_soc_proj_i/clk_wiz_1/inst/clk_in1                          | clk_IBUF                                                      |            10.0 |
| bd_soc_proj_i/mdm_1/U0/Use_E2.BSCAN_I/Use_E2.BSCANE2_I/DRCK   | bd_soc_proj_i/mdm_1/U0/Use_E2.BSCAN_I/DRCK                    |            33.3 |
| bd_soc_proj_i/mdm_1/U0/Use_E2.BSCAN_I/Use_E2.BSCANE2_I/UPDATE | bd_soc_proj_i/mdm_1/U0/Use_E2.BSCAN_I/Ext_JTAG_UPDATE         |            33.3 |
| clk_out1_bd_soc_proj_clk_wiz_1_0                              | bd_soc_proj_i/clk_wiz_1/inst/clk_out1_bd_soc_proj_clk_wiz_1_0 |            10.0 |
| clk_out2_bd_soc_proj_clk_wiz_1_0                              | bd_soc_proj_i/clk_wiz_1/inst/clk_out2_bd_soc_proj_clk_wiz_1_0 |            20.0 |
| clkfbout_bd_soc_proj_clk_wiz_1_0                              | bd_soc_proj_i/clk_wiz_1/inst/clkfbout_bd_soc_proj_clk_wiz_1_0 |            10.0 |
+---------------------------------------------------------------+---------------------------------------------------------------+-----------------+


3. Detailed Reports
-------------------

3.1 By Hierarchy
----------------

+-------------------------------+-----------+
| Name                          | Power (W) |
+-------------------------------+-----------+
| bd_soc_proj_wrapper           |     0.176 |
|   bd_soc_proj_i               |     0.176 |
|     ExperimentSystem_0        |     0.004 |
|       inst                    |     0.004 |
|     axi_hwicap_0              |     0.011 |
|       U0                      |     0.011 |
|     axi_quad_spi_0            |     0.005 |
|       U0                      |     0.005 |
|     clk_wiz_1                 |     0.107 |
|       inst                    |     0.107 |
|     microblaze_0              |     0.024 |
|       U0                      |     0.024 |
|     microblaze_0_axi_periph   |     0.002 |
|       xbar                    |     0.002 |
|     microblaze_0_local_memory |     0.016 |
|       lmb_bram                |     0.016 |
|     xadc_wiz_0                |     0.004 |
|       inst                    |     0.004 |
+-------------------------------+-----------+


